2026-03-21 10:29:28+0800: Running with following config:
allowResignation = true
lagBuffer = 1.0
logAllGTPCommunication = true
logDir = gtp_logs
logSearchInfo = true
logSearchInfoForChosenMove = false
logToStderr = false
maxTimePondering = 60.0
maxVisits = 300
numSearchThreads = 2
ponderingEnabled = false
resignConsecTurns = 3
resignThreshold = -0.90
rules = tromp-taylor
searchFactorAfterOnePass = 0.50
searchFactorAfterTwoPass = 0.25
searchFactorWhenWinning = 0.40
searchFactorWhenWinningThreshold = 0.95

2026-03-21 10:29:28+0800: GTP Engine starting...
2026-03-21 10:29:28+0800: KataGo v1.16.4
2026-03-21 10:29:28+0800: Using TrompTaylor rules initially, unless GTP/GUI overrides this
2026-03-21 10:29:28+0800: Using 2 CPU thread(s) for search
2026-03-21 10:29:28+0800: nnRandSeed0 = 1111246892608656449
2026-03-21 10:29:28+0800: After dedups: nnModelFile0 = /tmp/katago-model/model.txt.gz useFP16 auto useNHWC auto
2026-03-21 10:29:28+0800: Initializing neural net buffer to be size 19 * 19 exactly
2026-03-21 10:29:29+0800: Eigen (CPU) backend thread 0: Model version 8
2026-03-21 10:29:29+0800: Eigen (CPU) backend thread 0: Model name: b6c96-s175395328-d26788732
2026-03-21 10:29:29+0800: Eigen (CPU) backend thread 1: Model version 8
2026-03-21 10:29:29+0800: Eigen (CPU) backend thread 1: Model name: b6c96-s175395328-d26788732
2026-03-21 10:29:29+0800: Loaded neural net with nnXLen 19 nnYLen 19
2026-03-21 10:29:29+0800: Initializing board with boardXSize 19 boardYSize 19
2026-03-21 10:29:29+0800: Loaded config /tmp/kg.cfg
2026-03-21 10:29:29+0800: Loaded model /tmp/katago-model/model.txt.gz
2026-03-21 10:29:29+0800: Model name: b6c96-s175395328-d26788732
2026-03-21 10:29:29+0800: GTP ready, beginning main protocol loop
2026-03-21 10:29:29+0800: Controller: name
2026-03-21 10:29:29+0800: = KataGo
2026-03-21 10:29:56+0800: Controller: play black E5
2026-03-21 10:29:56+0800: = 
2026-03-21 10:29:56+0800: Controller: showboard
2026-03-21 10:29:56+0800: = MoveNum: 1 HASH: B837A7D34040E87BBAFCA7B3F86A507B
   A B C D E F G H J K L M N O P Q R S T
19 . . . . . . . . . . . . . . . . . . .
18 . . . . . . . . . . . . . . . . . . .
17 . . . . . . . . . . . . . . . . . . .
16 . . . . . . . . . . . . . . . . . . .
15 . . . . . . . . . . . . . . . . . . .
14 . . . . . . . . . . . . . . . . . . .
13 . . . . . . . . . . . . . . . . . . .
12 . . . . . . . . . . . . . . . . . . .
11 . . . . . . . . . . . . . . . . . . .
10 . . . . . . . . . . . . . . . . . . .
 9 . . . . . . . . . . . . . . . . . . .
 8 . . . . . . . . . . . . . . . . . . .
 7 . . . . . . . . . . . . . . . . . . .
 6 . . . . . . . . . . . . . . . . . . .
 5 . . . . X1. . . . . . . . . . . . . .
 4 . . . . . . . . . . . . . . . . . . .
 3 . . . . . . . . . . . . . . . . . . .
 2 . . . . . . . . . . . . . . . . . . .
 1 . . . . . . . . . . . . . . . . . . .
Next player: White
Rules: {"friendlyPassOk":false,"hasButton":false,"ko":"POSITIONAL","komi":7.5,"scoring":"AREA","suicide":true,"tax":"NONE","whiteHandicapBonus":"0"}
B stones captured: 0
W stones captured: 0
2026-03-21 10:30:01+0800: Controller: boardsize 9
2026-03-21 10:30:01+0800: GPU -1 finishing, processed 0 rows 0 batches
2026-03-21 10:30:01+0800: GPU -1 finishing, processed 0 rows 0 batches
2026-03-21 10:30:01+0800: Cleaned up old neural net and bot
2026-03-21 10:30:01+0800: nnRandSeed0 = 8568364264118363091
2026-03-21 10:30:01+0800: After dedups: nnModelFile0 = /tmp/katago-model/model.txt.gz useFP16 auto useNHWC auto
2026-03-21 10:30:01+0800: Initializing neural net buffer to be size 9 * 9 exactly
2026-03-21 10:30:01+0800: Eigen (CPU) backend thread 0: Model version 8
2026-03-21 10:30:01+0800: Eigen (CPU) backend thread 0: Model name: b6c96-s175395328-d26788732
2026-03-21 10:30:01+0800: Eigen (CPU) backend thread 1: Model version 8
2026-03-21 10:30:01+0800: Eigen (CPU) backend thread 1: Model name: b6c96-s175395328-d26788732
2026-03-21 10:30:02+0800: Loaded neural net with nnXLen 9 nnYLen 9
2026-03-21 10:30:02+0800: Initializing board with boardXSize 9 boardYSize 9
2026-03-21 10:30:02+0800: = 
2026-03-21 10:30:02+0800: Controller: clear_board
2026-03-21 10:30:02+0800: = 
2026-03-21 10:30:02+0800: Controller: komi 6.5
2026-03-21 10:30:02+0800: = 
2026-03-21 10:30:02+0800: Controller: showboard
2026-03-21 10:30:02+0800: = MoveNum: 0 HASH: 9F0B2D702FC8448C75410E097F089AEB
   A B C D E F G H J
 9 . . . . . . . . .
 8 . . . . . . . . .
 7 . . . . . . . . .
 6 . . . . . . . . .
 5 . . . . . . . . .
 4 . . . . . . . . .
 3 . . . . . . . . .
 2 . . . . . . . . .
 1 . . . . . . . . .
Next player: Black
Rules: {"friendlyPassOk":false,"hasButton":false,"ko":"POSITIONAL","komi":6.5,"scoring":"AREA","suicide":true,"tax":"NONE","whiteHandicapBonus":"0"}
B stones captured: 0
W stones captured: 0
2026-03-21 10:30:02+0800: Controller: play black E5
2026-03-21 10:30:02+0800: = 
2026-03-21 10:30:02+0800: Controller: showboard
2026-03-21 10:30:02+0800: = MoveNum: 1 HASH: 38E71B648B5DE3A43B414F57C285AD76
   A B C D E F G H J
 9 . . . . . . . . .
 8 . . . . . . . . .
 7 . . . . . . . . .
 6 . . . . . . . . .
 5 . . . . X1. . . .
 4 . . . . . . . . .
 3 . . . . . . . . .
 2 . . . . . . . . .
 1 . . . . . . . . .
Next player: White
Rules: {"friendlyPassOk":false,"hasButton":false,"ko":"POSITIONAL","komi":6.5,"scoring":"AREA","suicide":true,"tax":"NONE","whiteHandicapBonus":"0"}
B stones captured: 0
W stones captured: 0
2026-03-21 10:38:53+0800: Controller: boardsize 9
2026-03-21 10:38:53+0800: = 
2026-03-21 10:38:53+0800: Controller: clear_board
2026-03-21 10:38:53+0800: = 
2026-03-21 10:38:53+0800: Controller: komi 6.5
2026-03-21 10:38:53+0800: = 
2026-03-21 10:38:53+0800: Controller: showboard
2026-03-21 10:38:53+0800: = MoveNum: 0 HASH: 9F0B2D702FC8448C75410E097F089AEB
   A B C D E F G H J
 9 . . . . . . . . .
 8 . . . . . . . . .
 7 . . . . . . . . .
 6 . . . . . . . . .
 5 . . . . . . . . .
 4 . . . . . . . . .
 3 . . . . . . . . .
 2 . . . . . . . . .
 1 . . . . . . . . .
Next player: Black
Rules: {"friendlyPassOk":false,"hasButton":false,"ko":"POSITIONAL","komi":6.5,"scoring":"AREA","suicide":true,"tax":"NONE","whiteHandicapBonus":"0"}
B stones captured: 0
W stones captured: 0
2026-03-21 10:38:55+0800: Controller: play black G7
2026-03-21 10:38:55+0800: = 
2026-03-21 10:38:55+0800: Controller: showboard
2026-03-21 10:38:55+0800: = MoveNum: 1 HASH: 6178DE46324FCE21AA7322E147D6D099
   A B C D E F G H J
 9 . . . . . . . . .
 8 . . . . . . . . .
 7 . . . . . . X1. .
 6 . . . . . . . . .
 5 . . . . . . . . .
 4 . . . . . . . . .
 3 . . . . . . . . .
 2 . . . . . . . . .
 1 . . . . . . . . .
Next player: White
Rules: {"friendlyPassOk":false,"hasButton":false,"ko":"POSITIONAL","komi":6.5,"scoring":"AREA","suicide":true,"tax":"NONE","whiteHandicapBonus":"0"}
B stones captured: 0
W stones captured: 0
2026-03-21 10:38:55+0800: Controller: genmove white
2026-03-21 10:38:57+0800: MoveNum: 1 HASH: 6178DE46324FCE21AA7322E147D6D099
   A B C D E F G H J
 9 . . . . . . . . .
 8 . . . . . . . . .
 7 . . . . . . X1. .
 6 . . . . . @ . . .
 5 . . . . . . . . .
 4 . . . . . . . . .
 3 . . . . . . . . .
 2 . . . . . . . . .
 1 . . . . . . . . .

koPOSITIONALscoreAREAtaxNONEsui1komi6.5
Time taken: 2.14052
Root visits: 301
New playouts: 301
NN rows: 280
NN batches: 279
NN avg batch size: 1.00358
PV: F6 F7 D6 D4 F4 G6 G5 E6 E5 F5
Tree:
: T  16.03c W  14.62c S   0.46c ( +1.2 L  +1.2) N     301  --  F6 F7 D6 D4 F4 G6 G5
---White(^)---
F6  : T  18.31c W  16.16c S   0.74c ( +1.4 L  +1.4) LCB   14.29c P  6.10% WF 242.6 PSV     239 N     239  --  F6 F7 D6 D4 F4 G6 G5 E6
D4  : T   7.04c W   8.78c S  -0.84c ( +0.4 L  +0.5) LCB    0.03c P 61.17% WF  49.6 PSV      48 N      53  --  D4 F4 D7 D3 C3 E3 C2 D5
D5  : T   2.98c W   4.39c S  -0.83c ( +0.3 L  +0.3) LCB  -16.18c P 10.74% WF   6.6 PSV       6 N       7  --  D5 D3 F4 D7 C7
D6  : T  -0.98c W   0.84c S  -1.81c ( -0.4 L  -0.2) LCB -350.98c P  1.93% WF   1.0 PSV       0 N       1  --  D6

2026-03-21 10:38:57+0800: = F6
2026-03-21 10:38:57+0800: Controller: showboard
2026-03-21 10:38:57+0800: = MoveNum: 2 HASH: BE9D2B09BFE4C01555EEA049E615D5CD
   A B C D E F G H J
 9 . . . . . . . . .
 8 . . . . . . . . .
 7 . . . . . . X1. .
 6 . . . . . O2. . .
 5 . . . . . . . . .
 4 . . . . . . . . .
 3 . . . . . . . . .
 2 . . . . . . . . .
 1 . . . . . . . . .
Next player: Black
Rules: {"friendlyPassOk":false,"hasButton":false,"ko":"POSITIONAL","komi":6.5,"scoring":"AREA","suicide":true,"tax":"NONE","whiteHandicapBonus":"0"}
B stones captured: 0
W stones captured: 0
2026-03-21 10:39:01+0800: Controller: play black F7
2026-03-21 10:39:01+0800: = 
2026-03-21 10:39:01+0800: Controller: showboard
2026-03-21 10:39:01+0800: = MoveNum: 3 HASH: BF5434C2A30701C57C8D32B0ACC5BBB1
   A B C D E F G H J
 9 . . . . . . . . .
 8 . . . . . . . . .
 7 . . . . . X3X1. .
 6 . . . . . O2. . .
 5 . . . . . . . . .
 4 . . . . . . . . .
 3 . . . . . . . . .
 2 . . . . . . . . .
 1 . . . . . . . . .
Next player: White
Rules: {"friendlyPassOk":false,"hasButton":false,"ko":"POSITIONAL","komi":6.5,"scoring":"AREA","suicide":true,"tax":"NONE","whiteHandicapBonus":"0"}
B stones captured: 0
W stones captured: 0
2026-03-21 10:39:01+0800: Controller: genmove white
2026-03-21 10:39:03+0800: MoveNum: 3 HASH: BF5434C2A30701C57C8D32B0ACC5BBB1
   A B C D E F G H J
 9 . . . . . . . . .
 8 . . . . . . . . .
 7 . . . . . X3X1. .
 6 . . . @ . O2. . .
 5 . . . . . . . . .
 4 . . . . . . . . .
 3 . . . . . . . . .
 2 . . . . . . . . .
 1 . . . . . . . . .

koPOSITIONALscoreAREAtaxNONEsui1komi6.5
Time taken: 1.54548
Root visits: 301
New playouts: 220
NN rows: 212
NN batches: 210
NN avg batch size: 1.00952
PV: D6 D3 G6 D7 E6 C7 E7 E8 D8 F8
Tree:
: T  14.43c W  14.29c S   0.33c ( +1.1 L  +1.2) N     301  --  D6 D3 G6 D7 E6 C7 E7
---White(^)---
D6  : T  15.87c W  14.99c S   0.52c ( +1.2 L  +1.3) LCB   10.51c P 37.93% WF 204.9 PSV     213 N     203  --  D6 D3 G6 D7 E6 C7 E7 E8
E6  : T  11.15c W  12.75c S  -0.06c ( +0.8 L  +1.0) LCB    4.46c P 55.23% WF  83.9 PSV      82 N      86  --  E6 D3 G6 D7 D6 C7 E7 E8
D4  : T  13.43c W  13.70c S  -0.48c ( +0.6 L  +0.7) LCB   -6.77c P  2.44% WF   9.9 PSV       5 N      10  --  D4 E6 F4 C6 C5
D5  : T   1.05c W   3.22c S  -2.17c ( -0.6 L  +0.1) LCB -348.95c P  2.12% WF   1.0 PSV       1 N       1  --  D5

2026-03-21 10:39:03+0800: = D6
2026-03-21 10:39:03+0800: Controller: showboard
2026-03-21 10:39:03+0800: = MoveNum: 4 HASH: 9442B0E788B7080EBB5C1E8CB1E31D43
   A B C D E F G H J
 9 . . . . . . . . .
 8 . . . . . . . . .
 7 . . . . . X2X . .
 6 . . . O3. O1. . .
 5 . . . . . . . . .
 4 . . . . . . . . .
 3 . . . . . . . . .
 2 . . . . . . . . .
 1 . . . . . . . . .
Next player: Black
Rules: {"friendlyPassOk":false,"hasButton":false,"ko":"POSITIONAL","komi":6.5,"scoring":"AREA","suicide":true,"tax":"NONE","whiteHandicapBonus":"0"}
B stones captured: 0
W stones captured: 0
2026-03-21 10:39:13+0800: Controller: play black E7
2026-03-21 10:39:13+0800: = 
2026-03-21 10:39:13+0800: Controller: showboard
2026-03-21 10:39:13+0800: = MoveNum: 5 HASH: 66D4F146457BBAEA14B449EC2531A6D5
   A B C D E F G H J
 9 . . . . . . . . .
 8 . . . . . . . . .
 7 . . . . X3X1X . .
 6 . . . O2. O . . .
 5 . . . . . . . . .
 4 . . . . . . . . .
 3 . . . . . . . . .
 2 . . . . . . . . .
 1 . . . . . . . . .
Next player: White
Rules: {"friendlyPassOk":false,"hasButton":false,"ko":"POSITIONAL","komi":6.5,"scoring":"AREA","suicide":true,"tax":"NONE","whiteHandicapBonus":"0"}
B stones captured: 0
W stones captured: 0
2026-03-21 10:39:13+0800: Controller: genmove white
2026-03-21 10:39:15+0800: MoveNum: 5 HASH: 66D4F146457BBAEA14B449EC2531A6D5
   A B C D E F G H J
 9 . . . . . . . . .
 8 . . . . . . . . .
 7 . . . . X3X1X . .
 6 . . . O2. O . . .
 5 . . . . . . . . .
 4 . . . . . . . . .
 3 . . . . @ . . . .
 2 . . . . . . . . .
 1 . . . . . . . . .

koPOSITIONALscoreAREAtaxNONEsui1komi6.5
Time taken: 2.0576
Root visits: 301
New playouts: 301
NN rows: 298
NN batches: 294
NN avg batch size: 1.01361
PV: E3 C3 C5 D4 E6 E4 F4
Tree:
: T  40.06c W  38.04c S   1.40c ( +2.6 L  +2.8) N     301  --  E3 C3 C5 D4 E6 E4 F4
---White(^)---
E3  : T  42.40c W  40.00c S   1.99c ( +3.1 L  +3.3) LCB   34.83c P  5.57% WF 117.7 PSV     180 N     117  --  E3 C3 C5 D4 E6 E4 F4
D4  : T  41.63c W  39.24c S   1.29c ( +2.6 L  +2.7) LCB   31.95c P 31.33% WF 120.9 PSV     120 N     120  --  D4 F4 D7 D3 C3 E4 D2 E3
D3  : T  36.01c W  34.71c S   0.70c ( +2.2 L  +2.2) LCB   25.19c P 28.54% WF  49.5 PSV      38 N      51  --  D3 F4 D7 E6 D5 E3 D2 E2
F4  : T  10.12c W  16.38c S  -1.07c ( +1.0 L  +1.6) LCB  -66.12c P 11.01% WF   2.7 PSV       3 N       3  --  F4 D3 C4
E6  : T  26.05c W  27.73c S   0.75c ( +2.3 L  +2.5) LCB  -48.55c P  5.08% WF   2.9 PSV       3 N       3  --  E6 D3 F3
C4  : T   9.41c W  10.50c S  -1.77c ( +0.7 L  +1.0) LCB -139.55c P  7.79% WF   1.8 PSV       2 N       2  --  C4 F4
F3  : T  21.77c W  23.21c S  -0.47c ( +1.5 L  +1.6) LCB -127.21c P  3.99% WF   1.9 PSV       2 N       2  --  F3 C4
E4  : T  10.96c W  13.36c S  -2.40c ( +0.2 L  +1.7) LCB -339.04c P  2.39% WF   0.9 PSV       0 N       1  --  E4
C3  : T  11.46c W  13.34c S  -1.87c ( +0.6 L  +0.9) LCB -338.54c P  2.36% WF   0.9 PSV       0 N       1  --  C3

2026-03-21 10:39:15+0800: = E3
2026-03-21 10:39:15+0800: Controller: showboard
2026-03-21 10:39:15+0800: = MoveNum: 6 HASH: 592F9E1F142874D1630C8EE6B6013160
   A B C D E F G H J
 9 . . . . . . . . .
 8 . . . . . . . . .
 7 . . . . X2X X . .
 6 . . . O1. O . . .
 5 . . . . . . . . .
 4 . . . . . . . . .
 3 . . . . O3. . . .
 2 . . . . . . . . .
 1 . . . . . . . . .
Next player: Black
Rules: {"friendlyPassOk":false,"hasButton":false,"ko":"POSITIONAL","komi":6.5,"scoring":"AREA","suicide":true,"tax":"NONE","whiteHandicapBonus":"0"}
B stones captured: 0
W stones captured: 0
2026-03-21 10:39:26+0800: Controller: play black E6
2026-03-21 10:39:26+0800: = 
2026-03-21 10:39:26+0800: Controller: showboard
2026-03-21 10:39:26+0800: = MoveNum: 7 HASH: 30B0CD3BCEDD585404ABD8B9CCF14427
   A B C D E F G H J
 9 . . . . . . . . .
 8 . . . . . . . . .
 7 . . . . X1X X . .
 6 . . . O X3O . . .
 5 . . . . . . . . .
 4 . . . . . . . . .
 3 . . . . O2. . . .
 2 . . . . . . . . .
 1 . . . . . . . . .
Next player: White
Rules: {"friendlyPassOk":false,"hasButton":false,"ko":"POSITIONAL","komi":6.5,"scoring":"AREA","suicide":true,"tax":"NONE","whiteHandicapBonus":"0"}
B stones captured: 0
W stones captured: 0
2026-03-21 10:39:26+0800: Controller: genmove white
2026-03-21 10:39:28+0800: MoveNum: 7 HASH: 30B0CD3BCEDD585404ABD8B9CCF14427
   A B C D E F G H J
 9 . . . . . . . . .
 8 . . . . . . . . .
 7 . . . . X1X X . .
 6 . . . O X3O . . .
 5 . . . . . . . . .
 4 . . . @ . . . . .
 3 . . . . O2. . . .
 2 . . . . . . . . .
 1 . . . . . . . . .

koPOSITIONALscoreAREAtaxNONEsui1komi6.5
Time taken: 1.91183
Root visits: 301
New playouts: 281
NN rows: 273
NN batches: 269
NN avg batch size: 1.01487
PV: D4 B5 C6 C3 C4 B4 C2 B2 D3
Tree:
: T  48.24c W  46.47c S   1.94c ( +3.2 L  +3.4) N     301  --  D4 B5 C6 C3 C4 B4 C2
---White(^)---
D4  : T  51.12c W  48.27c S   1.96c ( +3.2 L  +3.3) LCB   41.92c P 10.57% WF 168.1 PSV     263 N     166  --  D4 B5 C6 C3 C4 B4 C2 B2
D5  : T  45.38c W  44.73c S   2.02c ( +3.3 L  +3.6) LCB   36.17c P 73.38% WF 122.8 PSV     126 N     126  --  D5 C7 G4 C3 C4 D3 E4 E2
C4  : T  46.27c W  46.71c S   1.18c ( +2.7 L  +2.8) LCB   17.30c P  2.45% WF   5.0 PSV       5 N       5  --  C4 G3 F4
E5  : T  -7.64c W   4.58c S  -3.10c ( +0.2 L  +0.4) LCB  -86.85c P 11.71% WF   2.4 PSV       2 N       3  --  E5 D5 D4

2026-03-21 10:39:28+0800: = D4
2026-03-21 10:39:28+0800: Controller: showboard
2026-03-21 10:39:28+0800: = MoveNum: 8 HASH: 10526690D59D83D1AB73845810CE3DB8
   A B C D E F G H J
 9 . . . . . . . . .
 8 . . . . . . . . .
 7 . . . . X X X . .
 6 . . . O X2O . . .
 5 . . . . . . . . .
 4 . . . O3. . . . .
 3 . . . . O1. . . .
 2 . . . . . . . . .
 1 . . . . . . . . .
Next player: Black
Rules: {"friendlyPassOk":false,"hasButton":false,"ko":"POSITIONAL","komi":6.5,"scoring":"AREA","suicide":true,"tax":"NONE","whiteHandicapBonus":"0"}
B stones captured: 0
W stones captured: 0
2026-03-21 10:40:02+0800: Controller: play black C5
2026-03-21 10:40:02+0800: = 
2026-03-21 10:40:02+0800: Controller: showboard
2026-03-21 10:40:02+0800: = MoveNum: 9 HASH: 349B3713262C5CB5FDBFD6D9502C5B60
   A B C D E F G H J
 9 . . . . . . . . .
 8 . . . . . . . . .
 7 . . . . X X X . .
 6 . . . O X1O . . .
 5 . . X3. . . . . .
 4 . . . O2. . . . .
 3 . . . . O . . . .
 2 . . . . . . . . .
 1 . . . . . . . . .
Next player: White
Rules: {"friendlyPassOk":false,"hasButton":false,"ko":"POSITIONAL","komi":6.5,"scoring":"AREA","suicide":true,"tax":"NONE","whiteHandicapBonus":"0"}
B stones captured: 0
W stones captured: 0
2026-03-21 10:40:02+0800: Controller: genmove white
2026-03-21 10:40:04+0800: MoveNum: 9 HASH: 349B3713262C5CB5FDBFD6D9502C5B60
   A B C D E F G H J
 9 . . . . . . . . .
 8 . . . . . . . . .
 7 . . . . X X X . .
 6 . . . O X1O . . .
 5 . . X3@ . . . . .
 4 . . . O2. . . . .
 3 . . . . O . . . .
 2 . . . . . . . . .
 1 . . . . . . . . .

koPOSITIONALscoreAREAtaxNONEsui1komi6.5
Time taken: 2.18238
Root visits: 301
New playouts: 299
NN rows: 256
NN batches: 256
NN avg batch size: 1
PV: D5 B4 G4 C3 D7 H5 B6 D2 E2 B2 H4
Tree:
: T  76.20c W  71.06c S   5.61c ( +6.4 L  +6.3) N     301  --  D5 B4 G4 C3 D7 H5 B6
---White(^)---
D5  : T  76.72c W  71.51c S   5.69c ( +6.5 L  +6.4) LCB   71.68c P 94.81% WF 297.9 PSV     298 N     298  --  D5 B4 G4 C3 D7 H5 B6 D2
C4  : T -11.82c W  -4.97c S  -6.85c ( -0.8 L  -0.4) LCB -361.82c P  2.64% WF   0.8 PSV       0 N       1  --  C4
C6  : T   1.55c W   6.63c S  -5.08c ( -0.3 L  +0.5) LCB -348.45c P  1.74% WF   0.8 PSV       0 N       1  --  C6

2026-03-21 10:40:04+0800: = D5
2026-03-21 10:40:04+0800: Controller: showboard
2026-03-21 10:40:04+0800: = MoveNum: 10 HASH: 0EB69B92B717BE6A073C15BFFF2C544A
   A B C D E F G H J
 9 . . . . . . . . .
 8 . . . . . . . . .
 7 . . . . X X X . .
 6 . . . O X O . . .
 5 . . X2O3. . . . .
 4 . . . O1. . . . .
 3 . . . . O . . . .
 2 . . . . . . . . .
 1 . . . . . . . . .
Next player: Black
Rules: {"friendlyPassOk":false,"hasButton":false,"ko":"POSITIONAL","komi":6.5,"scoring":"AREA","suicide":true,"tax":"NONE","whiteHandicapBonus":"0"}
B stones captured: 0
W stones captured: 0
2026-03-21 10:40:05+0800: Controller: play black B6
2026-03-21 10:40:05+0800: = 
2026-03-21 10:40:05+0800: Controller: showboard
2026-03-21 10:40:05+0800: = MoveNum: 11 HASH: 7A33A0B136DF08953BA4FCE2B13CE910
   A B C D E F G H J
 9 . . . . . . . . .
 8 . . . . . . . . .
 7 . . . . X X X . .
 6 . X3. O X O . . .
 5 . . X1O2. . . . .
 4 . . . O . . . . .
 3 . . . . O . . . .
 2 . . . . . . . . .
 1 . . . . . . . . .
Next player: White
Rules: {"friendlyPassOk":false,"hasButton":false,"ko":"POSITIONAL","komi":6.5,"scoring":"AREA","suicide":true,"tax":"NONE","whiteHandicapBonus":"0"}
B stones captured: 0
W stones captured: 0
2026-03-21 10:40:05+0800: Controller: genmove white
2026-03-21 10:40:07+0800: MoveNum: 11 HASH: 7A33A0B136DF08953BA4FCE2B13CE910
   A B C D E F G H J
 9 . . . . . . . . .
 8 . . . . . . . . .
 7 . . . . X X X . .
 6 . X3. O X O . . .
 5 . . X1O2. . . . .
 4 . @ . O . . . . .
 3 . . . . O . . . .
 2 . . . . . . . . .
 1 . . . . . . . . .

koPOSITIONALscoreAREAtaxNONEsui1komi6.5
Time taken: 2.19331
Root visits: 301
New playouts: 282
NN rows: 253
NN batches: 251
NN avg batch size: 1.00797
PV: B4 F4 D7 F3 E2 C8 D8 C4 C3
Tree:
: T  85.13c W  81.01c S   4.11c ( +6.1 L  +6.2) N     301  --  B4 F4 D7 F3 E2 C8 D8
---White(^)---
B4  : T  87.05c W  82.58c S   4.28c ( +6.2 L  +6.3) LCB   82.53c P 40.15% WF 277.4 PSV     275 N     275  --  B4 F4 D7 F3 E2 C8 D8 C4
C6  : T  72.33c W  70.64c S   3.72c ( +6.1 L  +6.3) LCB   53.14c P 14.73% WF  12.1 PSV       9 N      13  --  C6 B4 B7 C3 D2
C7  : T  40.77c W  44.42c S   0.16c ( +3.9 L  +3.8) LCB   -5.14c P 16.00% WF   3.3 PSV       3 N       4  --  C7 C3 G4
G4  : T  58.24c W  63.37c S   1.52c ( +4.7 L  +4.5) LCB  -18.69c P  7.22% WF   2.7 PSV       2 N       3  --  G4 C3 C6
D7  : T  54.56c W  53.12c S   1.76c ( +5.0 L  +4.1) LCB  -94.38c P  6.57% WF   1.8 PSV       2 N       2  --  D7 C3
C4  : T  46.26c W  47.98c S  -1.73c ( +2.9 L  +3.0) LCB -303.74c P  5.98% WF   0.9 PSV       1 N       1  --  C4
B7  : T  41.47c W  41.71c S  -0.24c ( +3.7 L  +4.0) LCB -308.53c P  3.26% WF   0.9 PSV       0 N       1  --  B7
B3  : T  40.87c W  43.08c S  -2.21c ( +2.7 L  +2.7) LCB -309.13c P  2.62% WF   0.9 PSV       0 N       1  --  B3

2026-03-21 10:40:07+0800: = B4
2026-03-21 10:40:07+0800: Controller: showboard
2026-03-21 10:40:07+0800: = MoveNum: 12 HASH: 1543115EA969C0D5705EEE487BCC86F1
   A B C D E F G H J
 9 . . . . . . . . .
 8 . . . . . . . . .
 7 . . . . X X X . .
 6 . X2. O X O . . .
 5 . . X O1. . . . .
 4 . O3. O . . . . .
 3 . . . . O . . . .
 2 . . . . . . . . .
 1 . . . . . . . . .
Next player: Black
Rules: {"friendlyPassOk":false,"hasButton":false,"ko":"POSITIONAL","komi":6.5,"scoring":"AREA","suicide":true,"tax":"NONE","whiteHandicapBonus":"0"}
B stones captured: 0
W stones captured: 0
