2026-03-21 11:03:43+0800: Running with following config:
allowResignation = true
lagBuffer = 1.0
logAllGTPCommunication = true
logDir = gtp_logs
logSearchInfo = true
logSearchInfoForChosenMove = false
logToStderr = false
maxTimePondering = 60.0
maxVisits = 300
numSearchThreads = 2
ponderingEnabled = false
resignConsecTurns = 3
resignThreshold = -0.90
rules = tromp-taylor
searchFactorAfterOnePass = 0.50
searchFactorAfterTwoPass = 0.25
searchFactorWhenWinning = 0.40
searchFactorWhenWinningThreshold = 0.95

2026-03-21 11:03:43+0800: GTP Engine starting...
2026-03-21 11:03:43+0800: KataGo v1.16.4
2026-03-21 11:03:43+0800: Using TrompTaylor rules initially, unless GTP/GUI overrides this
2026-03-21 11:03:43+0800: Using 2 CPU thread(s) for search
2026-03-21 11:03:43+0800: nnRandSeed0 = 2407424851997554015
2026-03-21 11:03:43+0800: After dedups: nnModelFile0 = /tmp/katago-model/model.txt.gz useFP16 auto useNHWC auto
2026-03-21 11:03:43+0800: Initializing neural net buffer to be size 19 * 19 exactly
2026-03-21 11:03:44+0800: Eigen (CPU) backend thread 0: Model version 8
2026-03-21 11:03:44+0800: Eigen (CPU) backend thread 0: Model name: b6c96-s175395328-d26788732
2026-03-21 11:03:44+0800: Eigen (CPU) backend thread 1: Model version 8
2026-03-21 11:03:44+0800: Eigen (CPU) backend thread 1: Model name: b6c96-s175395328-d26788732
2026-03-21 11:03:44+0800: Loaded neural net with nnXLen 19 nnYLen 19
2026-03-21 11:03:44+0800: Initializing board with boardXSize 19 boardYSize 19
2026-03-21 11:03:44+0800: Loaded config /tmp/kg.cfg
2026-03-21 11:03:44+0800: Loaded model /tmp/katago-model/model.txt.gz
2026-03-21 11:03:44+0800: Model name: b6c96-s175395328-d26788732
2026-03-21 11:03:44+0800: GTP ready, beginning main protocol loop
2026-03-21 11:03:44+0800: Controller: boardsize 9
2026-03-21 11:03:44+0800: GPU -1 finishing, processed 0 rows 0 batches
2026-03-21 11:03:44+0800: GPU -1 finishing, processed 0 rows 0 batches
2026-03-21 11:03:44+0800: Cleaned up old neural net and bot
2026-03-21 11:03:44+0800: nnRandSeed0 = 7711007275771788160
2026-03-21 11:03:44+0800: After dedups: nnModelFile0 = /tmp/katago-model/model.txt.gz useFP16 auto useNHWC auto
2026-03-21 11:03:44+0800: Initializing neural net buffer to be size 9 * 9 exactly
2026-03-21 11:03:44+0800: Eigen (CPU) backend thread 0: Model version 8
2026-03-21 11:03:44+0800: Eigen (CPU) backend thread 0: Model name: b6c96-s175395328-d26788732
2026-03-21 11:03:44+0800: Eigen (CPU) backend thread 1: Model version 8
2026-03-21 11:03:44+0800: Eigen (CPU) backend thread 1: Model name: b6c96-s175395328-d26788732
2026-03-21 11:03:44+0800: Loaded neural net with nnXLen 9 nnYLen 9
2026-03-21 11:03:44+0800: Initializing board with boardXSize 9 boardYSize 9
2026-03-21 11:03:44+0800: = 
2026-03-21 11:03:44+0800: Controller: clear_board
2026-03-21 11:03:44+0800: = 
2026-03-21 11:03:44+0800: Controller: komi 6.5
2026-03-21 11:03:44+0800: = 
2026-03-21 11:03:44+0800: Controller: play black E5
2026-03-21 11:03:44+0800: = 
2026-03-21 11:03:44+0800: Controller: play white D5
2026-03-21 11:03:44+0800: = 
2026-03-21 11:03:44+0800: Controller: play black F5
2026-03-21 11:03:44+0800: = 
2026-03-21 11:03:44+0800: Controller: play white C5
2026-03-21 11:03:44+0800: = 
2026-03-21 11:03:44+0800: Controller: final_score
2026-03-21 11:03:46+0800: = B+1.5
2026-03-21 11:03:46+0800: Controller: quit
2026-03-21 11:03:46+0800: Quit requested by controller
2026-03-21 11:03:46+0800: = 
2026-03-21 11:03:46+0800: GPU -1 finishing, processed 128 rows 127 batches
2026-03-21 11:03:46+0800: GPU -1 finishing, processed 126 rows 125 batches
2026-03-21 11:03:46+0800: All cleaned up, quitting
